SavvySaver/app/build/intermediates/manifest_merge_blame_file/release/processReleaseMainManifest/manifest-merger-blame-release-report.txt
1<?xml version="1.0" encoding="utf-8"?>
2<manifest xmlns:android="http://schemas.android.com/apk/res/android"
3    package="vcmsa.projects.savvysaver"
4    android:versionCode="1"
5    android:versionName="1.0" >
6
7    <uses-sdk
8        android:minSdkVersion="24"
9        android:targetSdkVersion="34" />
10
11    <uses-permission android:name="android.permission.CAMERA" />
11-->src\main\AndroidManifest.xml:5:5-65
11-->src\main\AndroidManifest.xml:5:22-62
12    <uses-permission android:name="android.permission.WRITE_EXTERNAL_STORAGE" />
12-->src\main\AndroidManifest.xml:6:5-81
12-->src\main\AndroidManifest.xml:6:22-78
13    <uses-permission android:name="android.permission.READ_EXTERNAL_STORAGE" />
13-->src\main\AndroidManifest.xml:7:5-80
13-->src\main\AndroidManifest.xml:7:22-77
14
15    <uses-feature
15-->src\main\AndroidManifest.xml:8:5-84
16        android:name="android.hardware.camera"
16-->src\main\AndroidManifest.xml:8:19-57
17        android:required="true" />
17-->src\main\AndroidManifest.xml:8:58-81
18
19    <permission
19-->[androidx.core:core:1.13.1] AndroidManifest.xml:22:5-24:47
20        android:name="vcmsa.projects.savvysaver.DYNAMIC_RECEIVER_NOT_EXPORTED_PERMISSION"
20-->[androidx.core:core:1.13.1] AndroidManifest.xml:23:9-81
21        android:protectionLevel="signature" />
21-->[androidx.core:core:1.13.1] AndroidManifest.xml:24:9-44
22
23    <uses-permission android:name="vcmsa.projects.savvysaver.DYNAMIC_RECEIVER_NOT_EXPORTED_PERMISSION" />
23-->[androidx.core:core:1.13.1] AndroidManifest.xml:26:5-97
23-->[androidx.core:core:1.13.1] AndroidManifest.xml:26:22-94
24
25    <application
25-->src\main\AndroidManifest.xml:10:5-41:19
26        android:allowBackup="true"
26-->src\main\AndroidManifest.xml:11:9-35
27        android:appComponentFactory="androidx.core.app.CoreComponentFactory"
27-->[androidx.core:core:1.13.1] AndroidManifest.xml:28:18-86
28        android:extractNativeLibs="false"
29        android:icon="@mipmap/ic_launcher"
29-->src\main\AndroidManifest.xml:12:9-43
30        android:label="@string/app_name"
30-->src\main\AndroidManifest.xml:13:9-41
31        android:roundIcon="@mipmap/ic_launcher_round"
31-->src\main\AndroidManifest.xml:14:9-54
32        android:supportsRtl="true"
32-->src\main\AndroidManifest.xml:15:9-35
33        android:theme="@style/AppTheme" >
33-->src\main\AndroidManifest.xml:16:9-40
34        <activity
34-->src\main\AndroidManifest.xml:17:9-24:20
35            android:name="vcmsa.projects.savvysaver.ui.SplashActivity"
35-->src\main\AndroidManifest.xml:18:13-46
36            android:exported="true" >
36-->src\main\AndroidManifest.xml:19:13-36
37            <intent-filter>
37-->src\main\AndroidManifest.xml:20:13-23:29
38                <action android:name="android.intent.action.MAIN" />
38-->src\main\AndroidManifest.xml:21:17-69
38-->src\main\AndroidManifest.xml:21:25-66
39
40                <category android:name="android.intent.category.LAUNCHER" />
40-->src\main\AndroidManifest.xml:22:17-77
40-->src\main\AndroidManifest.xml:22:27-74
41            </intent-filter>
42        </activity>
43        <activity
43-->src\main\AndroidManifest.xml:25:9-86
44            android:name="vcmsa.projects.savvysaver.ui.SavingsGoalsActivity"
44-->src\main\AndroidManifest.xml:25:19-58
45            android:exported="false" />
45-->src\main\AndroidManifest.xml:25:59-83
46        <activity
46-->src\main\AndroidManifest.xml:26:9-90
47            android:name="vcmsa.projects.savvysaver.ui.BudgetCalculatorActivity"
47-->src\main\AndroidManifest.xml:26:19-62
48            android:exported="false" />
48-->src\main\AndroidManifest.xml:26:63-87
49        <activity
49-->src\main\AndroidManifest.xml:27:9-87
50            android:name="vcmsa.projects.savvysaver.ui.SpendingGraphActivity"
50-->src\main\AndroidManifest.xml:27:19-59
51            android:exported="false" />
51-->src\main\AndroidManifest.xml:27:60-84
52        <activity
52-->src\main\AndroidManifest.xml:28:9-79
53            android:name="vcmsa.projects.savvysaver.ui.LoginActivity"
53-->src\main\AndroidManifest.xml:28:19-51
54            android:exported="false" />
54-->src\main\AndroidManifest.xml:28:52-76
55        <activity
55-->src\main\AndroidManifest.xml:29:9-90
56            android:name="vcmsa.projects.savvysaver.ui.CategoryExpensesActivity"
56-->src\main\AndroidManifest.xml:29:19-62
57            android:exported="false" />
57-->src\main\AndroidManifest.xml:29:63-87
58        <activity
58-->src\main\AndroidManifest.xml:30:9-82
59            android:name="vcmsa.projects.savvysaver.ui.ViewPhotoActivity"
59-->src\main\AndroidManifest.xml:30:19-55
60            android:exported="false" />
60-->src\main\AndroidManifest.xml:30:56-80
61        <activity
61-->src\main\AndroidManifest.xml:31:9-78
62            android:name="vcmsa.projects.savvysaver.ui.MainActivity"
62-->src\main\AndroidManifest.xml:31:19-50
63            android:exported="false" />
63-->src\main\AndroidManifest.xml:31:51-75
64        <activity
64-->src\main\AndroidManifest.xml:32:9-82
65            android:name="vcmsa.projects.savvysaver.ui.RegisterActivity"
65-->src\main\AndroidManifest.xml:32:19-54
66            android:exported="false" />
66-->src\main\AndroidManifest.xml:32:55-79
67        <activity
67-->src\main\AndroidManifest.xml:33:9-83
68            android:name="vcmsa.projects.savvysaver.ui.DashboardActivity"
68-->src\main\AndroidManifest.xml:33:19-55
69            android:exported="false" />
69-->src\main\AndroidManifest.xml:33:56-80
70        <activity
70-->src\main\AndroidManifest.xml:34:9-84
71            android:name="vcmsa.projects.savvysaver.ui.AddExpenseActivity"
71-->src\main\AndroidManifest.xml:34:19-56
72            android:exported="false" />
72-->src\main\AndroidManifest.xml:34:57-81
73        <activity
73-->src\main\AndroidManifest.xml:35:9-84
74            android:name="vcmsa.projects.savvysaver.ui.CategoriesActivity"
74-->src\main\AndroidManifest.xml:35:19-56
75            android:exported="false" />
75-->src\main\AndroidManifest.xml:35:57-81
76        <activity
76-->src\main\AndroidManifest.xml:36:9-85
77            android:name="vcmsa.projects.savvysaver.ui.BudgetGoalsActivity"
77-->src\main\AndroidManifest.xml:36:19-57
78            android:exported="false" />
78-->src\main\AndroidManifest.xml:36:58-82
79        <activity
79-->src\main\AndroidManifest.xml:37:9-82
80            android:name="vcmsa.projects.savvysaver.ui.InsightsActivity"
80-->src\main\AndroidManifest.xml:37:19-54
81            android:exported="false" />
81-->src\main\AndroidManifest.xml:37:55-79
82        <activity
82-->src\main\AndroidManifest.xml:38:9-81
83            android:name="vcmsa.projects.savvysaver.ui.RewardsActivity"
83-->src\main\AndroidManifest.xml:38:19-53
84            android:exported="false" />
84-->src\main\AndroidManifest.xml:38:54-78
85        <activity
85-->src\main\AndroidManifest.xml:39:9-82
86            android:name="vcmsa.projects.savvysaver.ui.SettingsActivity"
86-->src\main\AndroidManifest.xml:39:19-54
87            android:exported="false" />
87-->src\main\AndroidManifest.xml:39:55-79
88        <activity
88-->src\main\AndroidManifest.xml:40:9-80
89            android:name="vcmsa.projects.savvysaver.ui.LogoutActivity"
89-->src\main\AndroidManifest.xml:40:19-52
90            android:exported="false" />
90-->src\main\AndroidManifest.xml:40:53-77
91
92        <service
92-->[androidx.camera:camera-camera2:1.3.4] AndroidManifest.xml:24:9-33:19
93            android:name="androidx.camera.core.impl.MetadataHolderService"
93-->[androidx.camera:camera-camera2:1.3.4] AndroidManifest.xml:25:13-75
94            android:enabled="false"
94-->[androidx.camera:camera-camera2:1.3.4] AndroidManifest.xml:26:13-36
95            android:exported="false" >
95-->[androidx.camera:camera-camera2:1.3.4] AndroidManifest.xml:27:13-37
96            <meta-data
96-->[androidx.camera:camera-camera2:1.3.4] AndroidManifest.xml:30:13-32:89
97                android:name="androidx.camera.core.impl.MetadataHolderService.DEFAULT_CONFIG_PROVIDER"
97-->[androidx.camera:camera-camera2:1.3.4] AndroidManifest.xml:31:17-103
98                android:value="androidx.camera.camera2.Camera2Config$DefaultProvider" />
98-->[androidx.camera:camera-camera2:1.3.4] AndroidManifest.xml:32:17-86
99        </service>
100
101        <provider
101-->[androidx.emoji2:emoji2:1.3.0] AndroidManifest.xml:24:9-32:20
102            android:name="androidx.startup.InitializationProvider"
102-->[androidx.emoji2:emoji2:1.3.0] AndroidManifest.xml:25:13-67
103            android:authorities="vcmsa.projects.savvysaver.androidx-startup"
103-->[androidx.emoji2:emoji2:1.3.0] AndroidManifest.xml:26:13-68
104            android:exported="false" >
104-->[androidx.emoji2:emoji2:1.3.0] AndroidManifest.xml:27:13-37
105            <meta-data
105-->[androidx.emoji2:emoji2:1.3.0] AndroidManifest.xml:29:13-31:52
106                android:name="androidx.emoji2.text.EmojiCompatInitializer"
106-->[androidx.emoji2:emoji2:1.3.0] AndroidManifest.xml:30:17-75
107                android:value="androidx.startup" />
107-->[androidx.emoji2:emoji2:1.3.0] AndroidManifest.xml:31:17-49
108            <meta-data
108-->[androidx.lifecycle:lifecycle-process:2.8.6] AndroidManifest.xml:29:13-31:52
109                android:name="androidx.lifecycle.ProcessLifecycleInitializer"
109-->[androidx.lifecycle:lifecycle-process:2.8.6] AndroidManifest.xml:30:17-78
110                android:value="androidx.startup" />
110-->[androidx.lifecycle:lifecycle-process:2.8.6] AndroidManifest.xml:31:17-49
111            <meta-data
111-->[androidx.profileinstaller:profileinstaller:1.3.1] AndroidManifest.xml:29:13-31:52
112                android:name="androidx.profileinstaller.ProfileInstallerInitializer"
112-->[androidx.profileinstaller:profileinstaller:1.3.1] AndroidManifest.xml:30:17-85
113                android:value="androidx.startup" />
113-->[androidx.profileinstaller:profileinstaller:1.3.1] AndroidManifest.xml:31:17-49
114        </provider>
115
116        <service
116-->[androidx.room:room-runtime:2.6.1] AndroidManifest.xml:24:9-28:63
117            android:name="androidx.room.MultiInstanceInvalidationService"
117-->[androidx.room:room-runtime:2.6.1] AndroidManifest.xml:25:13-74
118            android:directBootAware="true"
118-->[androidx.room:room-runtime:2.6.1] AndroidManifest.xml:26:13-43
119            android:exported="false" />
119-->[androidx.room:room-runtime:2.6.1] AndroidManifest.xml:27:13-37
120
121        <receiver
121-->[androidx.profileinstaller:profileinstaller:1.3.1] AndroidManifest.xml:34:9-52:20
122            android:name="androidx.profileinstaller.ProfileInstallReceiver"
122-->[androidx.profileinstaller:profileinstaller:1.3.1] AndroidManifest.xml:35:13-76
123            android:directBootAware="false"
123-->[androidx.profileinstaller:profileinstaller:1.3.1] AndroidManifest.xml:36:13-44
124            android:enabled="true"
124-->[androidx.profileinstaller:profileinstaller:1.3.1] AndroidManifest.xml:37:13-35
125            android:exported="true"
125-->[androidx.profileinstaller:profileinstaller:1.3.1] AndroidManifest.xml:38:13-36
126            android:permission="android.permission.DUMP" >
126-->[androidx.profileinstaller:profileinstaller:1.3.1] AndroidManifest.xml:39:13-57
127            <intent-filter>
127-->[androidx.profileinstaller:profileinstaller:1.3.1] AndroidManifest.xml:40:13-42:29
128                <action android:name="androidx.profileinstaller.action.INSTALL_PROFILE" />
128-->[androidx.profileinstaller:profileinstaller:1.3.1] AndroidManifest.xml:41:17-91
128-->[androidx.profileinstaller:profileinstaller:1.3.1] AndroidManifest.xml:41:25-88
129            </intent-filter>
130            <intent-filter>
130-->[androidx.profileinstaller:profileinstaller:1.3.1] AndroidManifest.xml:43:13-45:29
131                <action android:name="androidx.profileinstaller.action.SKIP_FILE" />
131-->[androidx.profileinstaller:profileinstaller:1.3.1] AndroidManifest.xml:44:17-85
131-->[androidx.profileinstaller:profileinstaller:1.3.1] AndroidManifest.xml:44:25-82
132            </intent-filter>
133            <intent-filter>
133-->[androidx.profileinstaller:profileinstaller:1.3.1] AndroidManifest.xml:46:13-48:29
134                <action android:name="androidx.profileinstaller.action.SAVE_PROFILE" />
134-->[androidx.profileinstaller:profileinstaller:1.3.1] AndroidManifest.xml:47:17-88
134-->[androidx.profileinstaller:profileinstaller:1.3.1] AndroidManifest.xml:47:25-85
135            </intent-filter>
136            <intent-filter>
136-->[androidx.profileinstaller:profileinstaller:1.3.1] AndroidManifest.xml:49:13-51:29
137                <action android:name="androidx.profileinstaller.action.BENCHMARK_OPERATION" />
137-->[androidx.profileinstaller:profileinstaller:1.3.1] AndroidManifest.xml:50:17-95
137-->[androidx.profileinstaller:profileinstaller:1.3.1] AndroidManifest.xml:50:25-92
138            </intent-filter>
139        </receiver>
140    </application>
141
142</manifest>